<html>
<head>
<title>TestNG:  A</title>
<link href="../testng.css" rel="stylesheet" type="text/css" />
<link href="../my-testng.css" rel="stylesheet" type="text/css" />

<style type="text/css">
.log { display: none;} 
.stack-trace { display: none;} 
</style>
<script type="text/javascript">
<!--
function flip(e) {
  current = e.style.display;
  if (current == 'block') {
    e.style.display = 'none';
    return 0;
  }
  else {
    e.style.display = 'block';
    return 1;
  }
}

function toggleBox(szDivId, elem, msg1, msg2)
{
  var res = -1;  if (document.getElementById) {
    res = flip(document.getElementById(szDivId));
  }
  else if (document.all) {
    // this is the way old msie versions work
    res = flip(document.all[szDivId]);
  }
  if(elem) {
    if(res == 0) elem.innerHTML = msg1; else elem.innerHTML = msg2;
  }

}

function toggleAllBoxes() {
  if (document.getElementsByTagName) {
    d = document.getElementsByTagName('div');
    for (i = 0; i < d.length; i++) {
      if (d[i].className == 'log') {
        flip(d[i]);
      }
    }
  }
}

// -->
</script>

</head>
<body>
<h2 align='center'>A</h2><table border='1' align="center">
<tr>
<td>Tests passed/Failed/Skipped:</td><td>0/2/0</td>
</tr><tr>
<td>Started on:</td><td>Tue Nov 05 17:01:39 IST 2019</td>
</tr>
<tr><td>Total time:</td><td>37 seconds (37578 ms)</td>
</tr><tr>
<td>Included groups:</td><td></td>
</tr><tr>
<td>Excluded groups:</td><td></td>
</tr>
</table><p/>
<small><i>(Hover the method name to see the test class name)</i></small><p/>
<table width='100%' border='1' class='invocation-failed'>
<tr><td colspan='4' align='center'><b>FAILED TESTS</b></td></tr>
<tr><td><b>Test method</b></td>
<td width="30%"><b>Exception</b></td>
<td width="10%"><b>Time (seconds)</b></td>
<td><b>Instance</b></td>
</tr>
<tr>
<td title='cucumberOptions.TestRunner.feature()'><b>feature</b><br>Test class: cucumberOptions.TestRunner<br>Test method: Runs Cucumber Feature<br>Parameters: Validate Car Booking</td>
<td><div><pre>cucumber.runtime.CucumberException: org.openqa.selenium.ElementClickInterceptedException: element click intercepted: Element &lt;a href=&quot;https://www.phptravels.net/cars/united-kingdom/manchester/Kia-Pacanto-2014?&amp;amp;pickupLocation=7&amp;amp;dropoffLocation=7&amp;amp;pickupDate=29/11/2019&amp;amp;pickupTime=09:00&amp;amp;dropoffDate=03/12/2019&amp;amp;dropoffTime=18:00&quot; class=&quot;btn btn-primary btn-sm btn-wide&quot;&gt;...&lt;/a&gt; is not clickable at point (905, 482). Other element would receive the click: &lt;div id=&quot;usertrack-consent&quot; style=&quot;background: white; border-radius: 5px; box-shadow: rgba(0, 0, 0, 0.2) 0px 0px 5px; z-index: 10001; position: fixed; right: 20px; bottom: 20px; font-family: Arial; text-align: center; transform-origin: right center; width: 350px; padding: 20px; opacity: 1; transform: scaleX(1); transition: opacity 0.2s ease-out 0s, transform 0.2s ease-out 0s;&quot;&gt;...&lt;/div&gt;
  (Session info: chrome=78.0.3904.87)
Build info: version: &apos;3.141.59&apos;, revision: &apos;e82be7d358&apos;, time: &apos;2018-11-14T08:17:03&apos;
System info: host: &apos;CBT-MH-000&apos;, ip: &apos;192.168.84.1&apos;, os.name: &apos;Windows 8.1&apos;, os.arch: &apos;x86&apos;, os.version: &apos;6.3&apos;, java.version: &apos;1.8.0_144&apos;
Driver info: org.openqa.selenium.chrome.ChromeDriver
Capabilities {acceptInsecureCerts: false, browserName: chrome, browserVersion: 78.0.3904.87, chrome: {chromedriverVersion: 78.0.3904.70 (edb9c9f3de024..., userDataDir: C:\Windows\TEMP\scoped_dir9...}, goog:chromeOptions: {debuggerAddress: localhost:54491}, javascriptEnabled: true, networkConnectionEnabled: false, pageLoadStrategy: normal, platform: XP, platformName: XP, proxy: Proxy(), setWindowRect: true, strictFileInteractability: false, timeouts: {implicit: 0, pageLoad: 300000, script: 30000}, unhandledPromptBehavior: dismiss and notify}
Session ID: d7a132cd9d78e534f67eac4bf5f39f32
	at cucumber.api.testng.TestNGCucumberRunner.runCucumber(TestNGCucumberRunner.java:69)
	at cucumber.api.testng.AbstractTestNGCucumberTests.feature(AbstractTestNGCucumberTests.java:21)
	at org.apache.maven.surefire.testng.TestNGExecutor.run(TestNGExecutor.java:283)
	at org.apache.maven.surefire.testng.TestNGXmlTestSuite.execute(TestNGXmlTestSuite.java:75)
	at org.apache.maven.surefire.testng.TestNGProvider.invoke(TestNGProvider.java:120)
	at org.apache.maven.surefire.booter.ForkedBooter.invokeProviderInSameClassLoader(ForkedBooter.java:384)
	at org.apache.maven.surefire.booter.ForkedBooter.runSuitesInProcess(ForkedBooter.java:345)
	at org.apache.maven.surefire.booter.ForkedBooter.execute(ForkedBooter.java:126)
	at org.apache.maven.surefire.booter.ForkedBooter.main(ForkedBooter.java:418)
Caused by: org.openqa.selenium.ElementClickInterceptedException: element click intercepted: Element &lt;a href=&quot;https://www.phptravels.net/cars/united-kingdom/manchester/Kia-Pacanto-2014?&amp;amp;pickupLocation=7&amp;amp;dropoffLocation=7&amp;amp;pickupDate=29/11/2019&amp;amp;pickupTime=09:00&amp;amp;dropoffDate=03/12/2019&amp;amp;dropoffTime=18:00&quot; class=&quot;btn btn-primary btn-sm btn-wide&quot;&gt;...&lt;/a&gt; is not clickable at point (905, 482). Other element would receive the click: &lt;div id=&quot;usertrack-consent&quot; style=&quot;background: white; border-radius: 5px; box-shadow: rgba(0, 0, 0, 0.2) 0px 0px 5px; z-index: 10001; position: fixed; right: 20px; bottom: 20px; font-family: Arial; text-align: center; transform-origin: right center; width: 350px; padding: 20px; opacity: 1; transform: scaleX(1); transition: opacity 0.2s ease-out 0s, transform 0.2s ease-out 0s;&quot;&gt;...&lt;/div&gt;
  (Session info: chrome=78.0.3904.87)
Build info: version: &apos;3.141.59&apos;, revision: &apos;e82be7d358&apos;, time: &apos;2018-11-14T08:17:03&apos;
System info: host: &apos;CBT-MH-000&apos;, ip: &apos;192.168.84.1&apos;, os.name: &apos;Windows 8.1&apos;, os.arch: &apos;x86&apos;, os.version: &apos;6.3&apos;, java.version: &apos;1.8.0_144&apos;
Driver info: org.openqa.selenium.chrome.ChromeDriver
Capabilities {acceptInsecureCerts: false, browserName: chrome, browserVersion: 78.0.3904.87, chrome: {chromedriverVersion: 78.0.3904.70 (edb9c9f3de024..., userDataDir: C:\Windows\TEMP\scoped_dir9...}, goog:chromeOptions: {debuggerAddress: localhost:54491}, javascriptEnabled: true, networkConnectionEnabled: false, pageLoadStrategy: normal, platform: XP, platformName: XP, proxy: Proxy(), setWindowRect: true, strictFileInteractability: false, timeouts: {implicit: 0, pageLoad: 300000, script: 30000}, unhandledPromptBehavior: dismiss and notify}
Session ID: d7a132cd9d78e534f67eac4bf5f39f32
	at org.openqa.selenium.remote.http.W3CHttpResponseCodec.createException(W3CHttpResponseCodec.java:187)
	at org.openqa.selenium.remote.http.W3CHttpResponseCodec.decode(W3CHttpResponseCodec.java:122)
	at org.openqa.selenium.remote.http.W3CHttpResponseCodec.decode(W3CHttpResponseCodec.java:49)
	at org.openqa.selenium.remote.HttpCommandExecutor.execute(HttpCommandExecutor.java:158)
	at org.openqa.selenium.remote.service.DriverCommandExecutor.execute(DriverCommandExecutor.java:83)
	at org.openqa.selenium.remote.RemoteWebDriver.execute(RemoteWebDriver.java:552)
	at org.openqa.selenium.remote.RemoteWebElement.execute(RemoteWebElement.java:285)
	at org.openqa.selenium.remote.RemoteWebElement.click(RemoteWebElement.java:84)
	at PageObjects.CarSearch.Search(CarSearch.java:87)
	at StepDefinitions.StepDefinition.search_for_the_car(StepDefinition.java:32)
	at ?.When Search for the car(Booking.feature:7)
... Removed 25 stack frames</pre></div><a href='#' onClick='toggleBox("stack-trace10735862", this, "Click to show all stack frames", "Click to hide stack frames")'>Click to show all stack frames</a>
<div class='stack-trace' id='stack-trace10735862'><pre>cucumber.runtime.CucumberException: org.openqa.selenium.ElementClickInterceptedException: element click intercepted: Element &lt;a href=&quot;https://www.phptravels.net/cars/united-kingdom/manchester/Kia-Pacanto-2014?&amp;amp;pickupLocation=7&amp;amp;dropoffLocation=7&amp;amp;pickupDate=29/11/2019&amp;amp;pickupTime=09:00&amp;amp;dropoffDate=03/12/2019&amp;amp;dropoffTime=18:00&quot; class=&quot;btn btn-primary btn-sm btn-wide&quot;&gt;...&lt;/a&gt; is not clickable at point (905, 482). Other element would receive the click: &lt;div id=&quot;usertrack-consent&quot; style=&quot;background: white; border-radius: 5px; box-shadow: rgba(0, 0, 0, 0.2) 0px 0px 5px; z-index: 10001; position: fixed; right: 20px; bottom: 20px; font-family: Arial; text-align: center; transform-origin: right center; width: 350px; padding: 20px; opacity: 1; transform: scaleX(1); transition: opacity 0.2s ease-out 0s, transform 0.2s ease-out 0s;&quot;&gt;...&lt;/div&gt;
  (Session info: chrome=78.0.3904.87)
Build info: version: &apos;3.141.59&apos;, revision: &apos;e82be7d358&apos;, time: &apos;2018-11-14T08:17:03&apos;
System info: host: &apos;CBT-MH-000&apos;, ip: &apos;192.168.84.1&apos;, os.name: &apos;Windows 8.1&apos;, os.arch: &apos;x86&apos;, os.version: &apos;6.3&apos;, java.version: &apos;1.8.0_144&apos;
Driver info: org.openqa.selenium.chrome.ChromeDriver
Capabilities {acceptInsecureCerts: false, browserName: chrome, browserVersion: 78.0.3904.87, chrome: {chromedriverVersion: 78.0.3904.70 (edb9c9f3de024..., userDataDir: C:\Windows\TEMP\scoped_dir9...}, goog:chromeOptions: {debuggerAddress: localhost:54491}, javascriptEnabled: true, networkConnectionEnabled: false, pageLoadStrategy: normal, platform: XP, platformName: XP, proxy: Proxy(), setWindowRect: true, strictFileInteractability: false, timeouts: {implicit: 0, pageLoad: 300000, script: 30000}, unhandledPromptBehavior: dismiss and notify}
Session ID: d7a132cd9d78e534f67eac4bf5f39f32
	at cucumber.api.testng.TestNGCucumberRunner.runCucumber(TestNGCucumberRunner.java:69)
	at cucumber.api.testng.AbstractTestNGCucumberTests.feature(AbstractTestNGCucumberTests.java:21)
	at sun.reflect.NativeMethodAccessorImpl.invoke0(Native Method)
	at sun.reflect.NativeMethodAccessorImpl.invoke(Unknown Source)
	at sun.reflect.DelegatingMethodAccessorImpl.invoke(Unknown Source)
	at java.lang.reflect.Method.invoke(Unknown Source)
	at org.testng.internal.MethodInvocationHelper.invokeMethod(MethodInvocationHelper.java:80)
	at org.testng.internal.Invoker.invokeMethod(Invoker.java:714)
	at org.testng.internal.Invoker.invokeTestMethod(Invoker.java:901)
	at org.testng.internal.Invoker.invokeTestMethods(Invoker.java:1231)
	at org.testng.internal.TestMethodWorker.invokeTestMethods(TestMethodWorker.java:127)
	at org.testng.internal.TestMethodWorker.run(TestMethodWorker.java:111)
	at org.testng.TestRunner.privateRun(TestRunner.java:767)
	at org.testng.TestRunner.run(TestRunner.java:617)
	at org.testng.SuiteRunner.runTest(SuiteRunner.java:334)
	at org.testng.SuiteRunner.runSequentially(SuiteRunner.java:329)
	at org.testng.SuiteRunner.privateRun(SuiteRunner.java:291)
	at org.testng.SuiteRunner.run(SuiteRunner.java:240)
	at org.testng.SuiteRunnerWorker.runSuite(SuiteRunnerWorker.java:52)
	at org.testng.SuiteRunnerWorker.run(SuiteRunnerWorker.java:86)
	at org.testng.TestNG.runSuitesSequentially(TestNG.java:1198)
	at org.testng.TestNG.runSuitesLocally(TestNG.java:1123)
	at org.testng.TestNG.run(TestNG.java:1031)
	at org.apache.maven.surefire.testng.TestNGExecutor.run(TestNGExecutor.java:283)
	at org.apache.maven.surefire.testng.TestNGXmlTestSuite.execute(TestNGXmlTestSuite.java:75)
	at org.apache.maven.surefire.testng.TestNGProvider.invoke(TestNGProvider.java:120)
	at org.apache.maven.surefire.booter.ForkedBooter.invokeProviderInSameClassLoader(ForkedBooter.java:384)
	at org.apache.maven.surefire.booter.ForkedBooter.runSuitesInProcess(ForkedBooter.java:345)
	at org.apache.maven.surefire.booter.ForkedBooter.execute(ForkedBooter.java:126)
	at org.apache.maven.surefire.booter.ForkedBooter.main(ForkedBooter.java:418)
Caused by: org.openqa.selenium.ElementClickInterceptedException: element click intercepted: Element &lt;a href=&quot;https://www.phptravels.net/cars/united-kingdom/manchester/Kia-Pacanto-2014?&amp;amp;pickupLocation=7&amp;amp;dropoffLocation=7&amp;amp;pickupDate=29/11/2019&amp;amp;pickupTime=09:00&amp;amp;dropoffDate=03/12/2019&amp;amp;dropoffTime=18:00&quot; class=&quot;btn btn-primary btn-sm btn-wide&quot;&gt;...&lt;/a&gt; is not clickable at point (905, 482). Other element would receive the click: &lt;div id=&quot;usertrack-consent&quot; style=&quot;background: white; border-radius: 5px; box-shadow: rgba(0, 0, 0, 0.2) 0px 0px 5px; z-index: 10001; position: fixed; right: 20px; bottom: 20px; font-family: Arial; text-align: center; transform-origin: right center; width: 350px; padding: 20px; opacity: 1; transform: scaleX(1); transition: opacity 0.2s ease-out 0s, transform 0.2s ease-out 0s;&quot;&gt;...&lt;/div&gt;
  (Session info: chrome=78.0.3904.87)
Build info: version: &apos;3.141.59&apos;, revision: &apos;e82be7d358&apos;, time: &apos;2018-11-14T08:17:03&apos;
System info: host: &apos;CBT-MH-000&apos;, ip: &apos;192.168.84.1&apos;, os.name: &apos;Windows 8.1&apos;, os.arch: &apos;x86&apos;, os.version: &apos;6.3&apos;, java.version: &apos;1.8.0_144&apos;
Driver info: org.openqa.selenium.chrome.ChromeDriver
Capabilities {acceptInsecureCerts: false, browserName: chrome, browserVersion: 78.0.3904.87, chrome: {chromedriverVersion: 78.0.3904.70 (edb9c9f3de024..., userDataDir: C:\Windows\TEMP\scoped_dir9...}, goog:chromeOptions: {debuggerAddress: localhost:54491}, javascriptEnabled: true, networkConnectionEnabled: false, pageLoadStrategy: normal, platform: XP, platformName: XP, proxy: Proxy(), setWindowRect: true, strictFileInteractability: false, timeouts: {implicit: 0, pageLoad: 300000, script: 30000}, unhandledPromptBehavior: dismiss and notify}
Session ID: d7a132cd9d78e534f67eac4bf5f39f32
	at sun.reflect.NativeConstructorAccessorImpl.newInstance0(Native Method)
	at sun.reflect.NativeConstructorAccessorImpl.newInstance(Unknown Source)
	at sun.reflect.DelegatingConstructorAccessorImpl.newInstance(Unknown Source)
	at java.lang.reflect.Constructor.newInstance(Unknown Source)
	at org.openqa.selenium.remote.http.W3CHttpResponseCodec.createException(W3CHttpResponseCodec.java:187)
	at org.openqa.selenium.remote.http.W3CHttpResponseCodec.decode(W3CHttpResponseCodec.java:122)
	at org.openqa.selenium.remote.http.W3CHttpResponseCodec.decode(W3CHttpResponseCodec.java:49)
	at org.openqa.selenium.remote.HttpCommandExecutor.execute(HttpCommandExecutor.java:158)
	at org.openqa.selenium.remote.service.DriverCommandExecutor.execute(DriverCommandExecutor.java:83)
	at org.openqa.selenium.remote.RemoteWebDriver.execute(RemoteWebDriver.java:552)
	at org.openqa.selenium.remote.RemoteWebElement.execute(RemoteWebElement.java:285)
	at org.openqa.selenium.remote.RemoteWebElement.click(RemoteWebElement.java:84)
	at PageObjects.CarSearch.Search(CarSearch.java:87)
	at StepDefinitions.StepDefinition.search_for_the_car(StepDefinition.java:32)
	at ?.When Search for the car(Booking.feature:7)
</pre></div></td>
<td>36</td>
<td>cucumberOptions.TestRunner@6fa38a</td></tr>
<tr>
<td title='cucumberOptions.TestRunner.feature()'><b>feature</b><br>Test class: cucumberOptions.TestRunner<br>Test method: Runs Cucumber Feature<br>Parameters: Validate Car Booking</td>
<td><div><pre>cucumber.runtime.CucumberException: org.openqa.selenium.ElementClickInterceptedException: element click intercepted: Element &lt;a href=&quot;https://www.phptravels.net/cars/united-kingdom/manchester/Kia-Pacanto-2014?&amp;amp;pickupLocation=7&amp;amp;dropoffLocation=7&amp;amp;pickupDate=29/11/2019&amp;amp;pickupTime=09:00&amp;amp;dropoffDate=03/12/2019&amp;amp;dropoffTime=18:00&quot; class=&quot;btn btn-primary btn-sm btn-wide&quot;&gt;...&lt;/a&gt; is not clickable at point (905, 482). Other element would receive the click: &lt;div id=&quot;usertrack-consent&quot; style=&quot;background: white; border-radius: 5px; box-shadow: rgba(0, 0, 0, 0.2) 0px 0px 5px; z-index: 10001; position: fixed; right: 20px; bottom: 20px; font-family: Arial; text-align: center; transform-origin: right center; width: 350px; padding: 20px; opacity: 1; transform: scaleX(1); transition: opacity 0.2s ease-out 0s, transform 0.2s ease-out 0s;&quot;&gt;...&lt;/div&gt;
  (Session info: chrome=78.0.3904.87)
Build info: version: &apos;3.141.59&apos;, revision: &apos;e82be7d358&apos;, time: &apos;2018-11-14T08:17:03&apos;
System info: host: &apos;CBT-MH-000&apos;, ip: &apos;192.168.84.1&apos;, os.name: &apos;Windows 8.1&apos;, os.arch: &apos;x86&apos;, os.version: &apos;6.3&apos;, java.version: &apos;1.8.0_144&apos;
Driver info: org.openqa.selenium.chrome.ChromeDriver
Capabilities {acceptInsecureCerts: false, browserName: chrome, browserVersion: 78.0.3904.87, chrome: {chromedriverVersion: 78.0.3904.70 (edb9c9f3de024..., userDataDir: C:\Windows\TEMP\scoped_dir1...}, goog:chromeOptions: {debuggerAddress: localhost:54562}, javascriptEnabled: true, networkConnectionEnabled: false, pageLoadStrategy: normal, platform: XP, platformName: XP, proxy: Proxy(), setWindowRect: true, strictFileInteractability: false, timeouts: {implicit: 0, pageLoad: 300000, script: 30000}, unhandledPromptBehavior: dismiss and notify}
Session ID: 6b7bdbab7cbef012723ab2358a5c1da2
	at cucumber.api.testng.TestNGCucumberRunner.runCucumber(TestNGCucumberRunner.java:69)
	at cucumber.api.testng.AbstractTestNGCucumberTests.feature(AbstractTestNGCucumberTests.java:21)
	at org.apache.maven.surefire.testng.TestNGExecutor.run(TestNGExecutor.java:283)
	at org.apache.maven.surefire.testng.TestNGXmlTestSuite.execute(TestNGXmlTestSuite.java:75)
	at org.apache.maven.surefire.testng.TestNGProvider.invoke(TestNGProvider.java:120)
	at org.apache.maven.surefire.booter.ForkedBooter.invokeProviderInSameClassLoader(ForkedBooter.java:384)
	at org.apache.maven.surefire.booter.ForkedBooter.runSuitesInProcess(ForkedBooter.java:345)
	at org.apache.maven.surefire.booter.ForkedBooter.execute(ForkedBooter.java:126)
	at org.apache.maven.surefire.booter.ForkedBooter.main(ForkedBooter.java:418)
Caused by: org.openqa.selenium.ElementClickInterceptedException: element click intercepted: Element &lt;a href=&quot;https://www.phptravels.net/cars/united-kingdom/manchester/Kia-Pacanto-2014?&amp;amp;pickupLocation=7&amp;amp;dropoffLocation=7&amp;amp;pickupDate=29/11/2019&amp;amp;pickupTime=09:00&amp;amp;dropoffDate=03/12/2019&amp;amp;dropoffTime=18:00&quot; class=&quot;btn btn-primary btn-sm btn-wide&quot;&gt;...&lt;/a&gt; is not clickable at point (905, 482). Other element would receive the click: &lt;div id=&quot;usertrack-consent&quot; style=&quot;background: white; border-radius: 5px; box-shadow: rgba(0, 0, 0, 0.2) 0px 0px 5px; z-index: 10001; position: fixed; right: 20px; bottom: 20px; font-family: Arial; text-align: center; transform-origin: right center; width: 350px; padding: 20px; opacity: 1; transform: scaleX(1); transition: opacity 0.2s ease-out 0s, transform 0.2s ease-out 0s;&quot;&gt;...&lt;/div&gt;
  (Session info: chrome=78.0.3904.87)
Build info: version: &apos;3.141.59&apos;, revision: &apos;e82be7d358&apos;, time: &apos;2018-11-14T08:17:03&apos;
System info: host: &apos;CBT-MH-000&apos;, ip: &apos;192.168.84.1&apos;, os.name: &apos;Windows 8.1&apos;, os.arch: &apos;x86&apos;, os.version: &apos;6.3&apos;, java.version: &apos;1.8.0_144&apos;
Driver info: org.openqa.selenium.chrome.ChromeDriver
Capabilities {acceptInsecureCerts: false, browserName: chrome, browserVersion: 78.0.3904.87, chrome: {chromedriverVersion: 78.0.3904.70 (edb9c9f3de024..., userDataDir: C:\Windows\TEMP\scoped_dir1...}, goog:chromeOptions: {debuggerAddress: localhost:54562}, javascriptEnabled: true, networkConnectionEnabled: false, pageLoadStrategy: normal, platform: XP, platformName: XP, proxy: Proxy(), setWindowRect: true, strictFileInteractability: false, timeouts: {implicit: 0, pageLoad: 300000, script: 30000}, unhandledPromptBehavior: dismiss and notify}
Session ID: 6b7bdbab7cbef012723ab2358a5c1da2
	at org.openqa.selenium.remote.http.W3CHttpResponseCodec.createException(W3CHttpResponseCodec.java:187)
	at org.openqa.selenium.remote.http.W3CHttpResponseCodec.decode(W3CHttpResponseCodec.java:122)
	at org.openqa.selenium.remote.http.W3CHttpResponseCodec.decode(W3CHttpResponseCodec.java:49)
	at org.openqa.selenium.remote.HttpCommandExecutor.execute(HttpCommandExecutor.java:158)
	at org.openqa.selenium.remote.service.DriverCommandExecutor.execute(DriverCommandExecutor.java:83)
	at org.openqa.selenium.remote.RemoteWebDriver.execute(RemoteWebDriver.java:552)
	at org.openqa.selenium.remote.RemoteWebElement.execute(RemoteWebElement.java:285)
	at org.openqa.selenium.remote.RemoteWebElement.click(RemoteWebElement.java:84)
	at PageObjects.CarSearch.Search(CarSearch.java:87)
	at StepDefinitions.StepDefinition.search_for_the_car(StepDefinition.java:32)
	at ?.When Search for the car(Booking.feature:7)
... Removed 25 stack frames</pre></div><a href='#' onClick='toggleBox("stack-trace28975933", this, "Click to show all stack frames", "Click to hide stack frames")'>Click to show all stack frames</a>
<div class='stack-trace' id='stack-trace28975933'><pre>cucumber.runtime.CucumberException: org.openqa.selenium.ElementClickInterceptedException: element click intercepted: Element &lt;a href=&quot;https://www.phptravels.net/cars/united-kingdom/manchester/Kia-Pacanto-2014?&amp;amp;pickupLocation=7&amp;amp;dropoffLocation=7&amp;amp;pickupDate=29/11/2019&amp;amp;pickupTime=09:00&amp;amp;dropoffDate=03/12/2019&amp;amp;dropoffTime=18:00&quot; class=&quot;btn btn-primary btn-sm btn-wide&quot;&gt;...&lt;/a&gt; is not clickable at point (905, 482). Other element would receive the click: &lt;div id=&quot;usertrack-consent&quot; style=&quot;background: white; border-radius: 5px; box-shadow: rgba(0, 0, 0, 0.2) 0px 0px 5px; z-index: 10001; position: fixed; right: 20px; bottom: 20px; font-family: Arial; text-align: center; transform-origin: right center; width: 350px; padding: 20px; opacity: 1; transform: scaleX(1); transition: opacity 0.2s ease-out 0s, transform 0.2s ease-out 0s;&quot;&gt;...&lt;/div&gt;
  (Session info: chrome=78.0.3904.87)
Build info: version: &apos;3.141.59&apos;, revision: &apos;e82be7d358&apos;, time: &apos;2018-11-14T08:17:03&apos;
System info: host: &apos;CBT-MH-000&apos;, ip: &apos;192.168.84.1&apos;, os.name: &apos;Windows 8.1&apos;, os.arch: &apos;x86&apos;, os.version: &apos;6.3&apos;, java.version: &apos;1.8.0_144&apos;
Driver info: org.openqa.selenium.chrome.ChromeDriver
Capabilities {acceptInsecureCerts: false, browserName: chrome, browserVersion: 78.0.3904.87, chrome: {chromedriverVersion: 78.0.3904.70 (edb9c9f3de024..., userDataDir: C:\Windows\TEMP\scoped_dir1...}, goog:chromeOptions: {debuggerAddress: localhost:54562}, javascriptEnabled: true, networkConnectionEnabled: false, pageLoadStrategy: normal, platform: XP, platformName: XP, proxy: Proxy(), setWindowRect: true, strictFileInteractability: false, timeouts: {implicit: 0, pageLoad: 300000, script: 30000}, unhandledPromptBehavior: dismiss and notify}
Session ID: 6b7bdbab7cbef012723ab2358a5c1da2
	at cucumber.api.testng.TestNGCucumberRunner.runCucumber(TestNGCucumberRunner.java:69)
	at cucumber.api.testng.AbstractTestNGCucumberTests.feature(AbstractTestNGCucumberTests.java:21)
	at sun.reflect.NativeMethodAccessorImpl.invoke0(Native Method)
	at sun.reflect.NativeMethodAccessorImpl.invoke(Unknown Source)
	at sun.reflect.DelegatingMethodAccessorImpl.invoke(Unknown Source)
	at java.lang.reflect.Method.invoke(Unknown Source)
	at org.testng.internal.MethodInvocationHelper.invokeMethod(MethodInvocationHelper.java:80)
	at org.testng.internal.Invoker.invokeMethod(Invoker.java:714)
	at org.testng.internal.Invoker.invokeTestMethod(Invoker.java:901)
	at org.testng.internal.Invoker.invokeTestMethods(Invoker.java:1231)
	at org.testng.internal.TestMethodWorker.invokeTestMethods(TestMethodWorker.java:127)
	at org.testng.internal.TestMethodWorker.run(TestMethodWorker.java:111)
	at org.testng.TestRunner.privateRun(TestRunner.java:767)
	at org.testng.TestRunner.run(TestRunner.java:617)
	at org.testng.SuiteRunner.runTest(SuiteRunner.java:334)
	at org.testng.SuiteRunner.runSequentially(SuiteRunner.java:329)
	at org.testng.SuiteRunner.privateRun(SuiteRunner.java:291)
	at org.testng.SuiteRunner.run(SuiteRunner.java:240)
	at org.testng.SuiteRunnerWorker.runSuite(SuiteRunnerWorker.java:52)
	at org.testng.SuiteRunnerWorker.run(SuiteRunnerWorker.java:86)
	at org.testng.TestNG.runSuitesSequentially(TestNG.java:1198)
	at org.testng.TestNG.runSuitesLocally(TestNG.java:1123)
	at org.testng.TestNG.run(TestNG.java:1031)
	at org.apache.maven.surefire.testng.TestNGExecutor.run(TestNGExecutor.java:283)
	at org.apache.maven.surefire.testng.TestNGXmlTestSuite.execute(TestNGXmlTestSuite.java:75)
	at org.apache.maven.surefire.testng.TestNGProvider.invoke(TestNGProvider.java:120)
	at org.apache.maven.surefire.booter.ForkedBooter.invokeProviderInSameClassLoader(ForkedBooter.java:384)
	at org.apache.maven.surefire.booter.ForkedBooter.runSuitesInProcess(ForkedBooter.java:345)
	at org.apache.maven.surefire.booter.ForkedBooter.execute(ForkedBooter.java:126)
	at org.apache.maven.surefire.booter.ForkedBooter.main(ForkedBooter.java:418)
Caused by: org.openqa.selenium.ElementClickInterceptedException: element click intercepted: Element &lt;a href=&quot;https://www.phptravels.net/cars/united-kingdom/manchester/Kia-Pacanto-2014?&amp;amp;pickupLocation=7&amp;amp;dropoffLocation=7&amp;amp;pickupDate=29/11/2019&amp;amp;pickupTime=09:00&amp;amp;dropoffDate=03/12/2019&amp;amp;dropoffTime=18:00&quot; class=&quot;btn btn-primary btn-sm btn-wide&quot;&gt;...&lt;/a&gt; is not clickable at point (905, 482). Other element would receive the click: &lt;div id=&quot;usertrack-consent&quot; style=&quot;background: white; border-radius: 5px; box-shadow: rgba(0, 0, 0, 0.2) 0px 0px 5px; z-index: 10001; position: fixed; right: 20px; bottom: 20px; font-family: Arial; text-align: center; transform-origin: right center; width: 350px; padding: 20px; opacity: 1; transform: scaleX(1); transition: opacity 0.2s ease-out 0s, transform 0.2s ease-out 0s;&quot;&gt;...&lt;/div&gt;
  (Session info: chrome=78.0.3904.87)
Build info: version: &apos;3.141.59&apos;, revision: &apos;e82be7d358&apos;, time: &apos;2018-11-14T08:17:03&apos;
System info: host: &apos;CBT-MH-000&apos;, ip: &apos;192.168.84.1&apos;, os.name: &apos;Windows 8.1&apos;, os.arch: &apos;x86&apos;, os.version: &apos;6.3&apos;, java.version: &apos;1.8.0_144&apos;
Driver info: org.openqa.selenium.chrome.ChromeDriver
Capabilities {acceptInsecureCerts: false, browserName: chrome, browserVersion: 78.0.3904.87, chrome: {chromedriverVersion: 78.0.3904.70 (edb9c9f3de024..., userDataDir: C:\Windows\TEMP\scoped_dir1...}, goog:chromeOptions: {debuggerAddress: localhost:54562}, javascriptEnabled: true, networkConnectionEnabled: false, pageLoadStrategy: normal, platform: XP, platformName: XP, proxy: Proxy(), setWindowRect: true, strictFileInteractability: false, timeouts: {implicit: 0, pageLoad: 300000, script: 30000}, unhandledPromptBehavior: dismiss and notify}
Session ID: 6b7bdbab7cbef012723ab2358a5c1da2
	at sun.reflect.NativeConstructorAccessorImpl.newInstance0(Native Method)
	at sun.reflect.NativeConstructorAccessorImpl.newInstance(Unknown Source)
	at sun.reflect.DelegatingConstructorAccessorImpl.newInstance(Unknown Source)
	at java.lang.reflect.Constructor.newInstance(Unknown Source)
	at org.openqa.selenium.remote.http.W3CHttpResponseCodec.createException(W3CHttpResponseCodec.java:187)
	at org.openqa.selenium.remote.http.W3CHttpResponseCodec.decode(W3CHttpResponseCodec.java:122)
	at org.openqa.selenium.remote.http.W3CHttpResponseCodec.decode(W3CHttpResponseCodec.java:49)
	at org.openqa.selenium.remote.HttpCommandExecutor.execute(HttpCommandExecutor.java:158)
	at org.openqa.selenium.remote.service.DriverCommandExecutor.execute(DriverCommandExecutor.java:83)
	at org.openqa.selenium.remote.RemoteWebDriver.execute(RemoteWebDriver.java:552)
	at org.openqa.selenium.remote.RemoteWebElement.execute(RemoteWebElement.java:285)
	at org.openqa.selenium.remote.RemoteWebElement.click(RemoteWebElement.java:84)
	at PageObjects.CarSearch.Search(CarSearch.java:87)
	at StepDefinitions.StepDefinition.search_for_the_car(StepDefinition.java:32)
	at ?.When Search for the car(Booking.feature:7)
</pre></div></td>
<td>37</td>
<td>cucumberOptions.TestRunner@6fa38a</td></tr>
</table><p>
</body>
</html>