<?xml version="1.0" encoding="UTF-8"?>
<!-- Generated by org.testng.reporters.JUnitXMLReporter -->
<testsuite hostname="CBT-MH-000" name="A" tests="1" failures="1" timestamp="5 Nov 2019 11:31:39 GMT" time="36.998" errors="0">
  <testcase name="feature" time="36.392" classname="cucumberOptions.TestRunner">
    <failure type="cucumber.runtime.CucumberException" message="org.openqa.selenium.ElementClickInterceptedException: element click intercepted: Element &amp;lt;a href=&amp;quot;https://www.phptravels.net/cars/united-kingdom/manchester/Kia-Pacanto-2014?&amp;amp;amp;pickupLocation=7&amp;amp;amp;dropoffLocation=7&amp;amp;amp;pickupDate=29/11/2019&amp;amp;amp;pickupTime=09:00&amp;amp;amp;dropoffDate=03/12/2019&amp;amp;amp;dropoffTime=18:00&amp;quot; class=&amp;quot;btn btn-primary btn-sm btn-wide&amp;quot;&amp;gt;...&amp;lt;/a&amp;gt; is not clickable at point (905, 482). Other element would receive the click: &amp;lt;div id=&amp;quot;usertrack-consent&amp;quot; style=&amp;quot;background: white; border-radius: 5px; box-shadow: rgba(0, 0, 0, 0.2) 0px 0px 5px; z-index: 10001; position: fixed; right: 20px; bottom: 20px; font-family: Arial; text-align: center; transform-origin: right center; width: 350px; padding: 20px; opacity: 1; transform: scaleX(1); transition: opacity 0.2s ease-out 0s, transform 0.2s ease-out 0s;&amp;quot;&amp;gt;...&amp;lt;/div&amp;gt;
  (Session info: chrome=78.0.3904.87)
Build info: version: &amp;apos;3.141.59&amp;apos;, revision: &amp;apos;e82be7d358&amp;apos;, time: &amp;apos;2018-11-14T08:17:03&amp;apos;
System info: host: &amp;apos;CBT-MH-000&amp;apos;, ip: &amp;apos;192.168.84.1&amp;apos;, os.name: &amp;apos;Windows 8.1&amp;apos;, os.arch: &amp;apos;x86&amp;apos;, os.version: &amp;apos;6.3&amp;apos;, java.version: &amp;apos;1.8.0_144&amp;apos;
Driver info: org.openqa.selenium.chrome.ChromeDriver
Capabilities {acceptInsecureCerts: false, browserName: chrome, browserVersion: 78.0.3904.87, chrome: {chromedriverVersion: 78.0.3904.70 (edb9c9f3de024..., userDataDir: C:\Windows\TEMP\scoped_dir9...}, goog:chromeOptions: {debuggerAddress: localhost:54491}, javascriptEnabled: true, networkConnectionEnabled: false, pageLoadStrategy: normal, platform: XP, platformName: XP, proxy: Proxy(), setWindowRect: true, strictFileInteractability: false, timeouts: {implicit: 0, pageLoad: 300000, script: 30000}, unhandledPromptBehavior: dismiss and notify}
Session ID: d7a132cd9d78e534f67eac4bf5f39f32">
      <![CDATA[cucumber.runtime.CucumberException: org.openqa.selenium.ElementClickInterceptedException: element click intercepted: Element <a href="https://www.phptravels.net/cars/united-kingdom/manchester/Kia-Pacanto-2014?&amp;pickupLocation=7&amp;dropoffLocation=7&amp;pickupDate=29/11/2019&amp;pickupTime=09:00&amp;dropoffDate=03/12/2019&amp;dropoffTime=18:00" class="btn btn-primary btn-sm btn-wide">...</a> is not clickable at point (905, 482). Other element would receive the click: <div id="usertrack-consent" style="background: white; border-radius: 5px; box-shadow: rgba(0, 0, 0, 0.2) 0px 0px 5px; z-index: 10001; position: fixed; right: 20px; bottom: 20px; font-family: Arial; text-align: center; transform-origin: right center; width: 350px; padding: 20px; opacity: 1; transform: scaleX(1); transition: opacity 0.2s ease-out 0s, transform 0.2s ease-out 0s;">...</div>
  (Session info: chrome=78.0.3904.87)
Build info: version: '3.141.59', revision: 'e82be7d358', time: '2018-11-14T08:17:03'
System info: host: 'CBT-MH-000', ip: '192.168.84.1', os.name: 'Windows 8.1', os.arch: 'x86', os.version: '6.3', java.version: '1.8.0_144'
Driver info: org.openqa.selenium.chrome.ChromeDriver
Capabilities {acceptInsecureCerts: false, browserName: chrome, browserVersion: 78.0.3904.87, chrome: {chromedriverVersion: 78.0.3904.70 (edb9c9f3de024..., userDataDir: C:\Windows\TEMP\scoped_dir9...}, goog:chromeOptions: {debuggerAddress: localhost:54491}, javascriptEnabled: true, networkConnectionEnabled: false, pageLoadStrategy: normal, platform: XP, platformName: XP, proxy: Proxy(), setWindowRect: true, strictFileInteractability: false, timeouts: {implicit: 0, pageLoad: 300000, script: 30000}, unhandledPromptBehavior: dismiss and notify}
Session ID: d7a132cd9d78e534f67eac4bf5f39f32
	at cucumber.api.testng.TestNGCucumberRunner.runCucumber(TestNGCucumberRunner.java:69)
	at cucumber.api.testng.AbstractTestNGCucumberTests.feature(AbstractTestNGCucumberTests.java:21)
	at org.apache.maven.surefire.testng.TestNGExecutor.run(TestNGExecutor.java:283)
	at org.apache.maven.surefire.testng.TestNGXmlTestSuite.execute(TestNGXmlTestSuite.java:75)
	at org.apache.maven.surefire.testng.TestNGProvider.invoke(TestNGProvider.java:120)
	at org.apache.maven.surefire.booter.ForkedBooter.invokeProviderInSameClassLoader(ForkedBooter.java:384)
	at org.apache.maven.surefire.booter.ForkedBooter.runSuitesInProcess(ForkedBooter.java:345)
	at org.apache.maven.surefire.booter.ForkedBooter.execute(ForkedBooter.java:126)
	at org.apache.maven.surefire.booter.ForkedBooter.main(ForkedBooter.java:418)
Caused by: org.openqa.selenium.ElementClickInterceptedException: element click intercepted: Element <a href="https://www.phptravels.net/cars/united-kingdom/manchester/Kia-Pacanto-2014?&amp;pickupLocation=7&amp;dropoffLocation=7&amp;pickupDate=29/11/2019&amp;pickupTime=09:00&amp;dropoffDate=03/12/2019&amp;dropoffTime=18:00" class="btn btn-primary btn-sm btn-wide">...</a> is not clickable at point (905, 482). Other element would receive the click: <div id="usertrack-consent" style="background: white; border-radius: 5px; box-shadow: rgba(0, 0, 0, 0.2) 0px 0px 5px; z-index: 10001; position: fixed; right: 20px; bottom: 20px; font-family: Arial; text-align: center; transform-origin: right center; width: 350px; padding: 20px; opacity: 1; transform: scaleX(1); transition: opacity 0.2s ease-out 0s, transform 0.2s ease-out 0s;">...</div>
  (Session info: chrome=78.0.3904.87)
Build info: version: '3.141.59', revision: 'e82be7d358', time: '2018-11-14T08:17:03'
System info: host: 'CBT-MH-000', ip: '192.168.84.1', os.name: 'Windows 8.1', os.arch: 'x86', os.version: '6.3', java.version: '1.8.0_144'
Driver info: org.openqa.selenium.chrome.ChromeDriver
Capabilities {acceptInsecureCerts: false, browserName: chrome, browserVersion: 78.0.3904.87, chrome: {chromedriverVersion: 78.0.3904.70 (edb9c9f3de024..., userDataDir: C:\Windows\TEMP\scoped_dir9...}, goog:chromeOptions: {debuggerAddress: localhost:54491}, javascriptEnabled: true, networkConnectionEnabled: false, pageLoadStrategy: normal, platform: XP, platformName: XP, proxy: Proxy(), setWindowRect: true, strictFileInteractability: false, timeouts: {implicit: 0, pageLoad: 300000, script: 30000}, unhandledPromptBehavior: dismiss and notify}
Session ID: d7a132cd9d78e534f67eac4bf5f39f32
	at org.openqa.selenium.remote.http.W3CHttpResponseCodec.createException(W3CHttpResponseCodec.java:187)
	at org.openqa.selenium.remote.http.W3CHttpResponseCodec.decode(W3CHttpResponseCodec.java:122)
	at org.openqa.selenium.remote.http.W3CHttpResponseCodec.decode(W3CHttpResponseCodec.java:49)
	at org.openqa.selenium.remote.HttpCommandExecutor.execute(HttpCommandExecutor.java:158)
	at org.openqa.selenium.remote.service.DriverCommandExecutor.execute(DriverCommandExecutor.java:83)
	at org.openqa.selenium.remote.RemoteWebDriver.execute(RemoteWebDriver.java:552)
	at org.openqa.selenium.remote.RemoteWebElement.execute(RemoteWebElement.java:285)
	at org.openqa.selenium.remote.RemoteWebElement.click(RemoteWebElement.java:84)
	at PageObjects.CarSearch.Search(CarSearch.java:87)
	at StepDefinitions.StepDefinition.search_for_the_car(StepDefinition.java:32)
	at âœ½.When Search for the car(Booking.feature:7)
... Removed 25 stack frames]]>
    </failure>
  </testcase> <!-- feature -->
</testsuite> <!-- A -->
