<?xml version="1.0" encoding="UTF-8"?>
<!-- Generated by org.testng.reporters.JUnitReportReporter -->
<testsuite hostname="CBT-MH-000" name="cucumberOptions.TestRunner" tests="2" failures="2" timestamp="5 Nov 2019 11:32:17 GMT" time="73.964" errors="0">
  <testcase name="feature" time="36.392" classname="cucumberOptions.TestRunner">
    <failure type="cucumber.runtime.CucumberException" message="org.openqa.selenium.ElementClickInterceptedException: element click intercepted: Element &lt;a href=&quot;https://www.phptravels.net/cars/united-kingdom/manchester/Kia-Pacanto-2014?&amp;amp;pickupLocation=7&amp;amp;dropoffLocation=7&amp;amp;pickupDate=29/11/2019&amp;amp;pickupTime=09:00&amp;amp;dropoffDate=03/12/2019&amp;amp;dropoffTime=18:00&quot; class=&quot;btn btn-primary btn-sm btn-wide&quot;&gt;...&lt;/a&gt; is not clickable at point (905, 482). Other element would receive the click: &lt;div id=&quot;usertrack-consent&quot; style=&quot;background: white; border-radius: 5px; box-shadow: rgba(0, 0, 0, 0.2) 0px 0px 5px; z-index: 10001; position: fixed; right: 20px; bottom: 20px; font-family: Arial; text-align: center; transform-origin: right center; width: 350px; padding: 20px; opacity: 1; transform: scaleX(1); transition: opacity 0.2s ease-out 0s, transform 0.2s ease-out 0s;&quot;&gt;...&lt;/div&gt;
  (Session info: chrome=78.0.3904.87)
Build info: version: &#039;3.141.59&#039;, revision: &#039;e82be7d358&#039;, time: &#039;2018-11-14T08:17:03&#039;
System info: host: &#039;CBT-MH-000&#039;, ip: &#039;192.168.84.1&#039;, os.name: &#039;Windows 8.1&#039;, os.arch: &#039;x86&#039;, os.version: &#039;6.3&#039;, java.version: &#039;1.8.0_144&#039;
Driver info: org.openqa.selenium.chrome.ChromeDriver
Capabilities {acceptInsecureCerts: false, browserName: chrome, browserVersion: 78.0.3904.87, chrome: {chromedriverVersion: 78.0.3904.70 (edb9c9f3de024..., userDataDir: C:\Windows\TEMP\scoped_dir9...}, goog:chromeOptions: {debuggerAddress: localhost:54491}, javascriptEnabled: true, networkConnectionEnabled: false, pageLoadStrategy: normal, platform: XP, platformName: XP, proxy: Proxy(), setWindowRect: true, strictFileInteractability: false, timeouts: {implicit: 0, pageLoad: 300000, script: 30000}, unhandledPromptBehavior: dismiss and notify}
Session ID: d7a132cd9d78e534f67eac4bf5f39f32">
      <![CDATA[cucumber.runtime.CucumberException: org.openqa.selenium.ElementClickInterceptedException: element click intercepted: Element <a href="https://www.phptravels.net/cars/united-kingdom/manchester/Kia-Pacanto-2014?&amp;pickupLocation=7&amp;dropoffLocation=7&amp;pickupDate=29/11/2019&amp;pickupTime=09:00&amp;dropoffDate=03/12/2019&amp;dropoffTime=18:00" class="btn btn-primary btn-sm btn-wide">...</a> is not clickable at point (905, 482). Other element would receive the click: <div id="usertrack-consent" style="background: white; border-radius: 5px; box-shadow: rgba(0, 0, 0, 0.2) 0px 0px 5px; z-index: 10001; position: fixed; right: 20px; bottom: 20px; font-family: Arial; text-align: center; transform-origin: right center; width: 350px; padding: 20px; opacity: 1; transform: scaleX(1); transition: opacity 0.2s ease-out 0s, transform 0.2s ease-out 0s;">...</div>
  (Session info: chrome=78.0.3904.87)
Build info: version: '3.141.59', revision: 'e82be7d358', time: '2018-11-14T08:17:03'
System info: host: 'CBT-MH-000', ip: '192.168.84.1', os.name: 'Windows 8.1', os.arch: 'x86', os.version: '6.3', java.version: '1.8.0_144'
Driver info: org.openqa.selenium.chrome.ChromeDriver
Capabilities {acceptInsecureCerts: false, browserName: chrome, browserVersion: 78.0.3904.87, chrome: {chromedriverVersion: 78.0.3904.70 (edb9c9f3de024..., userDataDir: C:\Windows\TEMP\scoped_dir9...}, goog:chromeOptions: {debuggerAddress: localhost:54491}, javascriptEnabled: true, networkConnectionEnabled: false, pageLoadStrategy: normal, platform: XP, platformName: XP, proxy: Proxy(), setWindowRect: true, strictFileInteractability: false, timeouts: {implicit: 0, pageLoad: 300000, script: 30000}, unhandledPromptBehavior: dismiss and notify}
Session ID: d7a132cd9d78e534f67eac4bf5f39f32
	at cucumber.api.testng.TestNGCucumberRunner.runCucumber(TestNGCucumberRunner.java:69)
	at cucumber.api.testng.AbstractTestNGCucumberTests.feature(AbstractTestNGCucumberTests.java:21)
	at sun.reflect.NativeMethodAccessorImpl.invoke0(Native Method)
	at sun.reflect.NativeMethodAccessorImpl.invoke(Unknown Source)
	at sun.reflect.DelegatingMethodAccessorImpl.invoke(Unknown Source)
	at java.lang.reflect.Method.invoke(Unknown Source)
	at org.testng.internal.MethodInvocationHelper.invokeMethod(MethodInvocationHelper.java:80)
	at org.testng.internal.Invoker.invokeMethod(Invoker.java:714)
	at org.testng.internal.Invoker.invokeTestMethod(Invoker.java:901)
	at org.testng.internal.Invoker.invokeTestMethods(Invoker.java:1231)
	at org.testng.internal.TestMethodWorker.invokeTestMethods(TestMethodWorker.java:127)
	at org.testng.internal.TestMethodWorker.run(TestMethodWorker.java:111)
	at org.testng.TestRunner.privateRun(TestRunner.java:767)
	at org.testng.TestRunner.run(TestRunner.java:617)
	at org.testng.SuiteRunner.runTest(SuiteRunner.java:334)
	at org.testng.SuiteRunner.runSequentially(SuiteRunner.java:329)
	at org.testng.SuiteRunner.privateRun(SuiteRunner.java:291)
	at org.testng.SuiteRunner.run(SuiteRunner.java:240)
	at org.testng.SuiteRunnerWorker.runSuite(SuiteRunnerWorker.java:52)
	at org.testng.SuiteRunnerWorker.run(SuiteRunnerWorker.java:86)
	at org.testng.TestNG.runSuitesSequentially(TestNG.java:1198)
	at org.testng.TestNG.runSuitesLocally(TestNG.java:1123)
	at org.testng.TestNG.run(TestNG.java:1031)
	at org.apache.maven.surefire.testng.TestNGExecutor.run(TestNGExecutor.java:283)
	at org.apache.maven.surefire.testng.TestNGXmlTestSuite.execute(TestNGXmlTestSuite.java:75)
	at org.apache.maven.surefire.testng.TestNGProvider.invoke(TestNGProvider.java:120)
	at org.apache.maven.surefire.booter.ForkedBooter.invokeProviderInSameClassLoader(ForkedBooter.java:384)
	at org.apache.maven.surefire.booter.ForkedBooter.runSuitesInProcess(ForkedBooter.java:345)
	at org.apache.maven.surefire.booter.ForkedBooter.execute(ForkedBooter.java:126)
	at org.apache.maven.surefire.booter.ForkedBooter.main(ForkedBooter.java:418)
Caused by: org.openqa.selenium.ElementClickInterceptedException: element click intercepted: Element <a href="https://www.phptravels.net/cars/united-kingdom/manchester/Kia-Pacanto-2014?&amp;pickupLocation=7&amp;dropoffLocation=7&amp;pickupDate=29/11/2019&amp;pickupTime=09:00&amp;dropoffDate=03/12/2019&amp;dropoffTime=18:00" class="btn btn-primary btn-sm btn-wide">...</a> is not clickable at point (905, 482). Other element would receive the click: <div id="usertrack-consent" style="background: white; border-radius: 5px; box-shadow: rgba(0, 0, 0, 0.2) 0px 0px 5px; z-index: 10001; position: fixed; right: 20px; bottom: 20px; font-family: Arial; text-align: center; transform-origin: right center; width: 350px; padding: 20px; opacity: 1; transform: scaleX(1); transition: opacity 0.2s ease-out 0s, transform 0.2s ease-out 0s;">...</div>
  (Session info: chrome=78.0.3904.87)
Build info: version: '3.141.59', revision: 'e82be7d358', time: '2018-11-14T08:17:03'
System info: host: 'CBT-MH-000', ip: '192.168.84.1', os.name: 'Windows 8.1', os.arch: 'x86', os.version: '6.3', java.version: '1.8.0_144'
Driver info: org.openqa.selenium.chrome.ChromeDriver
Capabilities {acceptInsecureCerts: false, browserName: chrome, browserVersion: 78.0.3904.87, chrome: {chromedriverVersion: 78.0.3904.70 (edb9c9f3de024..., userDataDir: C:\Windows\TEMP\scoped_dir9...}, goog:chromeOptions: {debuggerAddress: localhost:54491}, javascriptEnabled: true, networkConnectionEnabled: false, pageLoadStrategy: normal, platform: XP, platformName: XP, proxy: Proxy(), setWindowRect: true, strictFileInteractability: false, timeouts: {implicit: 0, pageLoad: 300000, script: 30000}, unhandledPromptBehavior: dismiss and notify}
Session ID: d7a132cd9d78e534f67eac4bf5f39f32
	at sun.reflect.NativeConstructorAccessorImpl.newInstance0(Native Method)
	at sun.reflect.NativeConstructorAccessorImpl.newInstance(Unknown Source)
	at sun.reflect.DelegatingConstructorAccessorImpl.newInstance(Unknown Source)
	at java.lang.reflect.Constructor.newInstance(Unknown Source)
	at org.openqa.selenium.remote.http.W3CHttpResponseCodec.createException(W3CHttpResponseCodec.java:187)
	at org.openqa.selenium.remote.http.W3CHttpResponseCodec.decode(W3CHttpResponseCodec.java:122)
	at org.openqa.selenium.remote.http.W3CHttpResponseCodec.decode(W3CHttpResponseCodec.java:49)
	at org.openqa.selenium.remote.HttpCommandExecutor.execute(HttpCommandExecutor.java:158)
	at org.openqa.selenium.remote.service.DriverCommandExecutor.execute(DriverCommandExecutor.java:83)
	at org.openqa.selenium.remote.RemoteWebDriver.execute(RemoteWebDriver.java:552)
	at org.openqa.selenium.remote.RemoteWebElement.execute(RemoteWebElement.java:285)
	at org.openqa.selenium.remote.RemoteWebElement.click(RemoteWebElement.java:84)
	at PageObjects.CarSearch.Search(CarSearch.java:87)
	at StepDefinitions.StepDefinition.search_for_the_car(StepDefinition.java:32)
	at ?.When Search for the car(Booking.feature:7)
]]>
    </failure>
  </testcase> <!-- feature -->
  <testcase name="feature" time="37.572" classname="cucumberOptions.TestRunner">
    <failure type="cucumber.runtime.CucumberException" message="org.openqa.selenium.ElementClickInterceptedException: element click intercepted: Element &lt;a href=&quot;https://www.phptravels.net/cars/united-kingdom/manchester/Kia-Pacanto-2014?&amp;amp;pickupLocation=7&amp;amp;dropoffLocation=7&amp;amp;pickupDate=29/11/2019&amp;amp;pickupTime=09:00&amp;amp;dropoffDate=03/12/2019&amp;amp;dropoffTime=18:00&quot; class=&quot;btn btn-primary btn-sm btn-wide&quot;&gt;...&lt;/a&gt; is not clickable at point (905, 482). Other element would receive the click: &lt;div id=&quot;usertrack-consent&quot; style=&quot;background: white; border-radius: 5px; box-shadow: rgba(0, 0, 0, 0.2) 0px 0px 5px; z-index: 10001; position: fixed; right: 20px; bottom: 20px; font-family: Arial; text-align: center; transform-origin: right center; width: 350px; padding: 20px; opacity: 1; transform: scaleX(1); transition: opacity 0.2s ease-out 0s, transform 0.2s ease-out 0s;&quot;&gt;...&lt;/div&gt;
  (Session info: chrome=78.0.3904.87)
Build info: version: &#039;3.141.59&#039;, revision: &#039;e82be7d358&#039;, time: &#039;2018-11-14T08:17:03&#039;
System info: host: &#039;CBT-MH-000&#039;, ip: &#039;192.168.84.1&#039;, os.name: &#039;Windows 8.1&#039;, os.arch: &#039;x86&#039;, os.version: &#039;6.3&#039;, java.version: &#039;1.8.0_144&#039;
Driver info: org.openqa.selenium.chrome.ChromeDriver
Capabilities {acceptInsecureCerts: false, browserName: chrome, browserVersion: 78.0.3904.87, chrome: {chromedriverVersion: 78.0.3904.70 (edb9c9f3de024..., userDataDir: C:\Windows\TEMP\scoped_dir1...}, goog:chromeOptions: {debuggerAddress: localhost:54562}, javascriptEnabled: true, networkConnectionEnabled: false, pageLoadStrategy: normal, platform: XP, platformName: XP, proxy: Proxy(), setWindowRect: true, strictFileInteractability: false, timeouts: {implicit: 0, pageLoad: 300000, script: 30000}, unhandledPromptBehavior: dismiss and notify}
Session ID: 6b7bdbab7cbef012723ab2358a5c1da2">
      <![CDATA[cucumber.runtime.CucumberException: org.openqa.selenium.ElementClickInterceptedException: element click intercepted: Element <a href="https://www.phptravels.net/cars/united-kingdom/manchester/Kia-Pacanto-2014?&amp;pickupLocation=7&amp;dropoffLocation=7&amp;pickupDate=29/11/2019&amp;pickupTime=09:00&amp;dropoffDate=03/12/2019&amp;dropoffTime=18:00" class="btn btn-primary btn-sm btn-wide">...</a> is not clickable at point (905, 482). Other element would receive the click: <div id="usertrack-consent" style="background: white; border-radius: 5px; box-shadow: rgba(0, 0, 0, 0.2) 0px 0px 5px; z-index: 10001; position: fixed; right: 20px; bottom: 20px; font-family: Arial; text-align: center; transform-origin: right center; width: 350px; padding: 20px; opacity: 1; transform: scaleX(1); transition: opacity 0.2s ease-out 0s, transform 0.2s ease-out 0s;">...</div>
  (Session info: chrome=78.0.3904.87)
Build info: version: '3.141.59', revision: 'e82be7d358', time: '2018-11-14T08:17:03'
System info: host: 'CBT-MH-000', ip: '192.168.84.1', os.name: 'Windows 8.1', os.arch: 'x86', os.version: '6.3', java.version: '1.8.0_144'
Driver info: org.openqa.selenium.chrome.ChromeDriver
Capabilities {acceptInsecureCerts: false, browserName: chrome, browserVersion: 78.0.3904.87, chrome: {chromedriverVersion: 78.0.3904.70 (edb9c9f3de024..., userDataDir: C:\Windows\TEMP\scoped_dir1...}, goog:chromeOptions: {debuggerAddress: localhost:54562}, javascriptEnabled: true, networkConnectionEnabled: false, pageLoadStrategy: normal, platform: XP, platformName: XP, proxy: Proxy(), setWindowRect: true, strictFileInteractability: false, timeouts: {implicit: 0, pageLoad: 300000, script: 30000}, unhandledPromptBehavior: dismiss and notify}
Session ID: 6b7bdbab7cbef012723ab2358a5c1da2
	at cucumber.api.testng.TestNGCucumberRunner.runCucumber(TestNGCucumberRunner.java:69)
	at cucumber.api.testng.AbstractTestNGCucumberTests.feature(AbstractTestNGCucumberTests.java:21)
	at sun.reflect.NativeMethodAccessorImpl.invoke0(Native Method)
	at sun.reflect.NativeMethodAccessorImpl.invoke(Unknown Source)
	at sun.reflect.DelegatingMethodAccessorImpl.invoke(Unknown Source)
	at java.lang.reflect.Method.invoke(Unknown Source)
	at org.testng.internal.MethodInvocationHelper.invokeMethod(MethodInvocationHelper.java:80)
	at org.testng.internal.Invoker.invokeMethod(Invoker.java:714)
	at org.testng.internal.Invoker.invokeTestMethod(Invoker.java:901)
	at org.testng.internal.Invoker.invokeTestMethods(Invoker.java:1231)
	at org.testng.internal.TestMethodWorker.invokeTestMethods(TestMethodWorker.java:127)
	at org.testng.internal.TestMethodWorker.run(TestMethodWorker.java:111)
	at org.testng.TestRunner.privateRun(TestRunner.java:767)
	at org.testng.TestRunner.run(TestRunner.java:617)
	at org.testng.SuiteRunner.runTest(SuiteRunner.java:334)
	at org.testng.SuiteRunner.runSequentially(SuiteRunner.java:329)
	at org.testng.SuiteRunner.privateRun(SuiteRunner.java:291)
	at org.testng.SuiteRunner.run(SuiteRunner.java:240)
	at org.testng.SuiteRunnerWorker.runSuite(SuiteRunnerWorker.java:52)
	at org.testng.SuiteRunnerWorker.run(SuiteRunnerWorker.java:86)
	at org.testng.TestNG.runSuitesSequentially(TestNG.java:1198)
	at org.testng.TestNG.runSuitesLocally(TestNG.java:1123)
	at org.testng.TestNG.run(TestNG.java:1031)
	at org.apache.maven.surefire.testng.TestNGExecutor.run(TestNGExecutor.java:283)
	at org.apache.maven.surefire.testng.TestNGXmlTestSuite.execute(TestNGXmlTestSuite.java:75)
	at org.apache.maven.surefire.testng.TestNGProvider.invoke(TestNGProvider.java:120)
	at org.apache.maven.surefire.booter.ForkedBooter.invokeProviderInSameClassLoader(ForkedBooter.java:384)
	at org.apache.maven.surefire.booter.ForkedBooter.runSuitesInProcess(ForkedBooter.java:345)
	at org.apache.maven.surefire.booter.ForkedBooter.execute(ForkedBooter.java:126)
	at org.apache.maven.surefire.booter.ForkedBooter.main(ForkedBooter.java:418)
Caused by: org.openqa.selenium.ElementClickInterceptedException: element click intercepted: Element <a href="https://www.phptravels.net/cars/united-kingdom/manchester/Kia-Pacanto-2014?&amp;pickupLocation=7&amp;dropoffLocation=7&amp;pickupDate=29/11/2019&amp;pickupTime=09:00&amp;dropoffDate=03/12/2019&amp;dropoffTime=18:00" class="btn btn-primary btn-sm btn-wide">...</a> is not clickable at point (905, 482). Other element would receive the click: <div id="usertrack-consent" style="background: white; border-radius: 5px; box-shadow: rgba(0, 0, 0, 0.2) 0px 0px 5px; z-index: 10001; position: fixed; right: 20px; bottom: 20px; font-family: Arial; text-align: center; transform-origin: right center; width: 350px; padding: 20px; opacity: 1; transform: scaleX(1); transition: opacity 0.2s ease-out 0s, transform 0.2s ease-out 0s;">...</div>
  (Session info: chrome=78.0.3904.87)
Build info: version: '3.141.59', revision: 'e82be7d358', time: '2018-11-14T08:17:03'
System info: host: 'CBT-MH-000', ip: '192.168.84.1', os.name: 'Windows 8.1', os.arch: 'x86', os.version: '6.3', java.version: '1.8.0_144'
Driver info: org.openqa.selenium.chrome.ChromeDriver
Capabilities {acceptInsecureCerts: false, browserName: chrome, browserVersion: 78.0.3904.87, chrome: {chromedriverVersion: 78.0.3904.70 (edb9c9f3de024..., userDataDir: C:\Windows\TEMP\scoped_dir1...}, goog:chromeOptions: {debuggerAddress: localhost:54562}, javascriptEnabled: true, networkConnectionEnabled: false, pageLoadStrategy: normal, platform: XP, platformName: XP, proxy: Proxy(), setWindowRect: true, strictFileInteractability: false, timeouts: {implicit: 0, pageLoad: 300000, script: 30000}, unhandledPromptBehavior: dismiss and notify}
Session ID: 6b7bdbab7cbef012723ab2358a5c1da2
	at sun.reflect.NativeConstructorAccessorImpl.newInstance0(Native Method)
	at sun.reflect.NativeConstructorAccessorImpl.newInstance(Unknown Source)
	at sun.reflect.DelegatingConstructorAccessorImpl.newInstance(Unknown Source)
	at java.lang.reflect.Constructor.newInstance(Unknown Source)
	at org.openqa.selenium.remote.http.W3CHttpResponseCodec.createException(W3CHttpResponseCodec.java:187)
	at org.openqa.selenium.remote.http.W3CHttpResponseCodec.decode(W3CHttpResponseCodec.java:122)
	at org.openqa.selenium.remote.http.W3CHttpResponseCodec.decode(W3CHttpResponseCodec.java:49)
	at org.openqa.selenium.remote.HttpCommandExecutor.execute(HttpCommandExecutor.java:158)
	at org.openqa.selenium.remote.service.DriverCommandExecutor.execute(DriverCommandExecutor.java:83)
	at org.openqa.selenium.remote.RemoteWebDriver.execute(RemoteWebDriver.java:552)
	at org.openqa.selenium.remote.RemoteWebElement.execute(RemoteWebElement.java:285)
	at org.openqa.selenium.remote.RemoteWebElement.click(RemoteWebElement.java:84)
	at PageObjects.CarSearch.Search(CarSearch.java:87)
	at StepDefinitions.StepDefinition.search_for_the_car(StepDefinition.java:32)
	at ?.When Search for the car(Booking.feature:7)
]]>
    </failure>
  </testcase> <!-- feature -->
</testsuite> <!-- cucumberOptions.TestRunner -->
